The system is: Linux - 5.14.0-362.24.1.el9_3.x86_64 - x86_64
Compiling the C compiler identification source file "CMakeCCompilerId.c" succeeded.
Compiler: /usr/bin/cc 
Build flags: 
Id flags:  

The output was:
0


Compilation of the C compiler identification source "CMakeCCompilerId.c" produced "a.out"

The C compiler identification is GNU, found in "/home/ole/Projects/space/glfw-3.4/CMakeFiles/3.20.2/CompilerIdC/a.out"

Detecting C compiler ABI info compiled with the following output:
Change Dir: /home/ole/Projects/space/glfw-3.4/CMakeFiles/CMakeTmp

Run Build Command(s):/usr/bin/gmake -f Makefile cmTC_3db1c/fast && /usr/bin/gmake  -f CMakeFiles/cmTC_3db1c.dir/build.make CMakeFiles/cmTC_3db1c.dir/build
gmake[1]: Entering directory '/home/ole/Projects/space/glfw-3.4/CMakeFiles/CMakeTmp'
Building C object CMakeFiles/cmTC_3db1c.dir/CMakeCCompilerABI.c.o
/usr/bin/cc   -v -o CMakeFiles/cmTC_3db1c.dir/CMakeCCompilerABI.c.o -c /usr/share/cmake/Modules/CMakeCCompilerABI.c
Using built-in specs.
COLLECT_GCC=/usr/bin/cc
OFFLOAD_TARGET_NAMES=nvptx-none
OFFLOAD_TARGET_DEFAULT=1
Target: x86_64-redhat-linux
Configured with: ../configure --enable-bootstrap --enable-host-pie --enable-host-bind-now --enable-languages=c,c++,fortran,lto --prefix=/usr --mandir=/usr/share/man --infodir=/usr/share/info --with-bugurl=https://bugs.rockylinux.org/ --enable-shared --enable-threads=posix --enable-checking=release --with-system-zlib --enable-__cxa_atexit --disable-libunwind-exceptions --enable-gnu-unique-object --enable-linker-build-id --with-gcc-major-version-only --enable-plugin --enable-initfini-array --without-isl --enable-multilib --with-linker-hash-style=gnu --enable-offload-targets=nvptx-none --without-cuda-driver --enable-gnu-indirect-function --enable-cet --with-tune=generic --with-arch_64=x86-64-v2 --with-arch_32=x86-64 --build=x86_64-redhat-linux --with-build-config=bootstrap-lto --enable-link-serialization=1
Thread model: posix
Supported LTO compression algorithms: zlib zstd
gcc version 11.4.1 20230605 (Red Hat 11.4.1-2) (GCC) 
COLLECT_GCC_OPTIONS='-v' '-o' 'CMakeFiles/cmTC_3db1c.dir/CMakeCCompilerABI.c.o' '-c' '-mtune=generic' '-march=x86-64-v2' '-dumpdir' 'CMakeFiles/cmTC_3db1c.dir/'
 /usr/libexec/gcc/x86_64-redhat-linux/11/cc1 -quiet -v /usr/share/cmake/Modules/CMakeCCompilerABI.c -quiet -dumpdir CMakeFiles/cmTC_3db1c.dir/ -dumpbase CMakeCCompilerABI.c.c -dumpbase-ext .c -mtune=generic -march=x86-64-v2 -version -o /tmp/cccYXZRQ.s
GNU C17 (GCC) version 11.4.1 20230605 (Red Hat 11.4.1-2) (x86_64-redhat-linux)
	compiled by GNU C version 11.4.1 20230605 (Red Hat 11.4.1-2), GMP version 6.2.0, MPFR version 4.1.0-p9, MPC version 1.2.1, isl version none
GGC heuristics: --param ggc-min-expand=100 --param ggc-min-heapsize=131072
ignoring nonexistent directory "/usr/lib/gcc/x86_64-redhat-linux/11/include-fixed"
ignoring nonexistent directory "/usr/lib/gcc/x86_64-redhat-linux/11/../../../../x86_64-redhat-linux/include"
#include "..." search starts here:
#include <...> search starts here:
 /usr/lib/gcc/x86_64-redhat-linux/11/include
 /usr/local/include
 /usr/include
End of search list.
GNU C17 (GCC) version 11.4.1 20230605 (Red Hat 11.4.1-2) (x86_64-redhat-linux)
	compiled by GNU C version 11.4.1 20230605 (Red Hat 11.4.1-2), GMP version 6.2.0, MPFR version 4.1.0-p9, MPC version 1.2.1, isl version none
GGC heuristics: --param ggc-min-expand=100 --param ggc-min-heapsize=131072
Compiler executable checksum: 4c680b1e0bed2f30c8a5b239b31a99b8
COLLECT_GCC_OPTIONS='-v' '-o' 'CMakeFiles/cmTC_3db1c.dir/CMakeCCompilerABI.c.o' '-c' '-mtune=generic' '-march=x86-64-v2' '-dumpdir' 'CMakeFiles/cmTC_3db1c.dir/'
 as -v --64 -o CMakeFiles/cmTC_3db1c.dir/CMakeCCompilerABI.c.o /tmp/cccYXZRQ.s
GNU assembler version 2.35.2 (x86_64-redhat-linux) using BFD version version 2.35.2-42.el9_3.1
COMPILER_PATH=/usr/libexec/gcc/x86_64-redhat-linux/11/:/usr/libexec/gcc/x86_64-redhat-linux/11/:/usr/libexec/gcc/x86_64-redhat-linux/:/usr/lib/gcc/x86_64-redhat-linux/11/:/usr/lib/gcc/x86_64-redhat-linux/
LIBRARY_PATH=/usr/lib/gcc/x86_64-redhat-linux/11/:/usr/lib/gcc/x86_64-redhat-linux/11/../../../../lib64/:/lib/../lib64/:/usr/lib/../lib64/:/usr/lib/gcc/x86_64-redhat-linux/11/../../../:/lib/:/usr/lib/
COLLECT_GCC_OPTIONS='-v' '-o' 'CMakeFiles/cmTC_3db1c.dir/CMakeCCompilerABI.c.o' '-c' '-mtune=generic' '-march=x86-64-v2' '-dumpdir' 'CMakeFiles/cmTC_3db1c.dir/CMakeCCompilerABI.c.'
Linking C executable cmTC_3db1c
/usr/bin/cmake -E cmake_link_script CMakeFiles/cmTC_3db1c.dir/link.txt --verbose=1
/usr/bin/cc  -v CMakeFiles/cmTC_3db1c.dir/CMakeCCompilerABI.c.o -o cmTC_3db1c 
Using built-in specs.
COLLECT_GCC=/usr/bin/cc
COLLECT_LTO_WRAPPER=/usr/libexec/gcc/x86_64-redhat-linux/11/lto-wrapper
OFFLOAD_TARGET_NAMES=nvptx-none
OFFLOAD_TARGET_DEFAULT=1
Target: x86_64-redhat-linux
Configured with: ../configure --enable-bootstrap --enable-host-pie --enable-host-bind-now --enable-languages=c,c++,fortran,lto --prefix=/usr --mandir=/usr/share/man --infodir=/usr/share/info --with-bugurl=https://bugs.rockylinux.org/ --enable-shared --enable-threads=posix --enable-checking=release --with-system-zlib --enable-__cxa_atexit --disable-libunwind-exceptions --enable-gnu-unique-object --enable-linker-build-id --with-gcc-major-version-only --enable-plugin --enable-initfini-array --without-isl --enable-multilib --with-linker-hash-style=gnu --enable-offload-targets=nvptx-none --without-cuda-driver --enable-gnu-indirect-function --enable-cet --with-tune=generic --with-arch_64=x86-64-v2 --with-arch_32=x86-64 --build=x86_64-redhat-linux --with-build-config=bootstrap-lto --enable-link-serialization=1
Thread model: posix
Supported LTO compression algorithms: zlib zstd
gcc version 11.4.1 20230605 (Red Hat 11.4.1-2) (GCC) 
COMPILER_PATH=/usr/libexec/gcc/x86_64-redhat-linux/11/:/usr/libexec/gcc/x86_64-redhat-linux/11/:/usr/libexec/gcc/x86_64-redhat-linux/:/usr/lib/gcc/x86_64-redhat-linux/11/:/usr/lib/gcc/x86_64-redhat-linux/
LIBRARY_PATH=/usr/lib/gcc/x86_64-redhat-linux/11/:/usr/lib/gcc/x86_64-redhat-linux/11/../../../../lib64/:/lib/../lib64/:/usr/lib/../lib64/:/usr/lib/gcc/x86_64-redhat-linux/11/../../../:/lib/:/usr/lib/
COLLECT_GCC_OPTIONS='-v' '-o' 'cmTC_3db1c' '-mtune=generic' '-march=x86-64-v2' '-dumpdir' 'cmTC_3db1c.'
 /usr/libexec/gcc/x86_64-redhat-linux/11/collect2 -plugin /usr/libexec/gcc/x86_64-redhat-linux/11/liblto_plugin.so -plugin-opt=/usr/libexec/gcc/x86_64-redhat-linux/11/lto-wrapper -plugin-opt=-fresolution=/tmp/ccQwnqqW.res -plugin-opt=-pass-through=-lgcc -plugin-opt=-pass-through=-lgcc_s -plugin-opt=-pass-through=-lc -plugin-opt=-pass-through=-lgcc -plugin-opt=-pass-through=-lgcc_s --build-id --no-add-needed --eh-frame-hdr --hash-style=gnu -m elf_x86_64 -dynamic-linker /lib64/ld-linux-x86-64.so.2 -o cmTC_3db1c /usr/lib/gcc/x86_64-redhat-linux/11/../../../../lib64/crt1.o /usr/lib/gcc/x86_64-redhat-linux/11/../../../../lib64/crti.o /usr/lib/gcc/x86_64-redhat-linux/11/crtbegin.o -L/usr/lib/gcc/x86_64-redhat-linux/11 -L/usr/lib/gcc/x86_64-redhat-linux/11/../../../../lib64 -L/lib/../lib64 -L/usr/lib/../lib64 -L/usr/lib/gcc/x86_64-redhat-linux/11/../../.. CMakeFiles/cmTC_3db1c.dir/CMakeCCompilerABI.c.o -lgcc --push-state --as-needed -lgcc_s --pop-state -lc -lgcc --push-state --as-needed -lgcc_s --pop-state /usr/lib/gcc/x86_64-redhat-linux/11/crtend.o /usr/lib/gcc/x86_64-redhat-linux/11/../../../../lib64/crtn.o
COLLECT_GCC_OPTIONS='-v' '-o' 'cmTC_3db1c' '-mtune=generic' '-march=x86-64-v2' '-dumpdir' 'cmTC_3db1c.'
gmake[1]: Leaving directory '/home/ole/Projects/space/glfw-3.4/CMakeFiles/CMakeTmp'



Parsed C implicit include dir info from above output: rv=done
  found start of include info
  found start of implicit include info
    add: [/usr/lib/gcc/x86_64-redhat-linux/11/include]
    add: [/usr/local/include]
    add: [/usr/include]
  end of search list found
  collapse include dir [/usr/lib/gcc/x86_64-redhat-linux/11/include] ==> [/usr/lib/gcc/x86_64-redhat-linux/11/include]
  collapse include dir [/usr/local/include] ==> [/usr/local/include]
  collapse include dir [/usr/include] ==> [/usr/include]
  implicit include dirs: [/usr/lib/gcc/x86_64-redhat-linux/11/include;/usr/local/include;/usr/include]


Parsed C implicit link information from above output:
  link line regex: [^( *|.*[/\])(ld|CMAKE_LINK_STARTFILE-NOTFOUND|([^/\]+-)?ld|collect2)[^/\]*( |$)]
  ignore line: [Change Dir: /home/ole/Projects/space/glfw-3.4/CMakeFiles/CMakeTmp]
  ignore line: []
  ignore line: [Run Build Command(s):/usr/bin/gmake -f Makefile cmTC_3db1c/fast && /usr/bin/gmake  -f CMakeFiles/cmTC_3db1c.dir/build.make CMakeFiles/cmTC_3db1c.dir/build]
  ignore line: [gmake[1]: Entering directory '/home/ole/Projects/space/glfw-3.4/CMakeFiles/CMakeTmp']
  ignore line: [Building C object CMakeFiles/cmTC_3db1c.dir/CMakeCCompilerABI.c.o]
  ignore line: [/usr/bin/cc   -v -o CMakeFiles/cmTC_3db1c.dir/CMakeCCompilerABI.c.o -c /usr/share/cmake/Modules/CMakeCCompilerABI.c]
  ignore line: [Using built-in specs.]
  ignore line: [COLLECT_GCC=/usr/bin/cc]
  ignore line: [OFFLOAD_TARGET_NAMES=nvptx-none]
  ignore line: [OFFLOAD_TARGET_DEFAULT=1]
  ignore line: [Target: x86_64-redhat-linux]
  ignore line: [Configured with: ../configure --enable-bootstrap --enable-host-pie --enable-host-bind-now --enable-languages=c c++ fortran lto --prefix=/usr --mandir=/usr/share/man --infodir=/usr/share/info --with-bugurl=https://bugs.rockylinux.org/ --enable-shared --enable-threads=posix --enable-checking=release --with-system-zlib --enable-__cxa_atexit --disable-libunwind-exceptions --enable-gnu-unique-object --enable-linker-build-id --with-gcc-major-version-only --enable-plugin --enable-initfini-array --without-isl --enable-multilib --with-linker-hash-style=gnu --enable-offload-targets=nvptx-none --without-cuda-driver --enable-gnu-indirect-function --enable-cet --with-tune=generic --with-arch_64=x86-64-v2 --with-arch_32=x86-64 --build=x86_64-redhat-linux --with-build-config=bootstrap-lto --enable-link-serialization=1]
  ignore line: [Thread model: posix]
  ignore line: [Supported LTO compression algorithms: zlib zstd]
  ignore line: [gcc version 11.4.1 20230605 (Red Hat 11.4.1-2) (GCC) ]
  ignore line: [COLLECT_GCC_OPTIONS='-v' '-o' 'CMakeFiles/cmTC_3db1c.dir/CMakeCCompilerABI.c.o' '-c' '-mtune=generic' '-march=x86-64-v2' '-dumpdir' 'CMakeFiles/cmTC_3db1c.dir/']
  ignore line: [ /usr/libexec/gcc/x86_64-redhat-linux/11/cc1 -quiet -v /usr/share/cmake/Modules/CMakeCCompilerABI.c -quiet -dumpdir CMakeFiles/cmTC_3db1c.dir/ -dumpbase CMakeCCompilerABI.c.c -dumpbase-ext .c -mtune=generic -march=x86-64-v2 -version -o /tmp/cccYXZRQ.s]
  ignore line: [GNU C17 (GCC) version 11.4.1 20230605 (Red Hat 11.4.1-2) (x86_64-redhat-linux)]
  ignore line: [	compiled by GNU C version 11.4.1 20230605 (Red Hat 11.4.1-2)  GMP version 6.2.0  MPFR version 4.1.0-p9  MPC version 1.2.1  isl version none]
  ignore line: [GGC heuristics: --param ggc-min-expand=100 --param ggc-min-heapsize=131072]
  ignore line: [ignoring nonexistent directory "/usr/lib/gcc/x86_64-redhat-linux/11/include-fixed"]
  ignore line: [ignoring nonexistent directory "/usr/lib/gcc/x86_64-redhat-linux/11/../../../../x86_64-redhat-linux/include"]
  ignore line: [#include "..." search starts here:]
  ignore line: [#include <...> search starts here:]
  ignore line: [ /usr/lib/gcc/x86_64-redhat-linux/11/include]
  ignore line: [ /usr/local/include]
  ignore line: [ /usr/include]
  ignore line: [End of search list.]
  ignore line: [GNU C17 (GCC) version 11.4.1 20230605 (Red Hat 11.4.1-2) (x86_64-redhat-linux)]
  ignore line: [	compiled by GNU C version 11.4.1 20230605 (Red Hat 11.4.1-2)  GMP version 6.2.0  MPFR version 4.1.0-p9  MPC version 1.2.1  isl version none]
  ignore line: [GGC heuristics: --param ggc-min-expand=100 --param ggc-min-heapsize=131072]
  ignore line: [Compiler executable checksum: 4c680b1e0bed2f30c8a5b239b31a99b8]
  ignore line: [COLLECT_GCC_OPTIONS='-v' '-o' 'CMakeFiles/cmTC_3db1c.dir/CMakeCCompilerABI.c.o' '-c' '-mtune=generic' '-march=x86-64-v2' '-dumpdir' 'CMakeFiles/cmTC_3db1c.dir/']
  ignore line: [ as -v --64 -o CMakeFiles/cmTC_3db1c.dir/CMakeCCompilerABI.c.o /tmp/cccYXZRQ.s]
  ignore line: [GNU assembler version 2.35.2 (x86_64-redhat-linux) using BFD version version 2.35.2-42.el9_3.1]
  ignore line: [COMPILER_PATH=/usr/libexec/gcc/x86_64-redhat-linux/11/:/usr/libexec/gcc/x86_64-redhat-linux/11/:/usr/libexec/gcc/x86_64-redhat-linux/:/usr/lib/gcc/x86_64-redhat-linux/11/:/usr/lib/gcc/x86_64-redhat-linux/]
  ignore line: [LIBRARY_PATH=/usr/lib/gcc/x86_64-redhat-linux/11/:/usr/lib/gcc/x86_64-redhat-linux/11/../../../../lib64/:/lib/../lib64/:/usr/lib/../lib64/:/usr/lib/gcc/x86_64-redhat-linux/11/../../../:/lib/:/usr/lib/]
  ignore line: [COLLECT_GCC_OPTIONS='-v' '-o' 'CMakeFiles/cmTC_3db1c.dir/CMakeCCompilerABI.c.o' '-c' '-mtune=generic' '-march=x86-64-v2' '-dumpdir' 'CMakeFiles/cmTC_3db1c.dir/CMakeCCompilerABI.c.']
  ignore line: [Linking C executable cmTC_3db1c]
  ignore line: [/usr/bin/cmake -E cmake_link_script CMakeFiles/cmTC_3db1c.dir/link.txt --verbose=1]
  ignore line: [/usr/bin/cc  -v CMakeFiles/cmTC_3db1c.dir/CMakeCCompilerABI.c.o -o cmTC_3db1c ]
  ignore line: [Using built-in specs.]
  ignore line: [COLLECT_GCC=/usr/bin/cc]
  ignore line: [COLLECT_LTO_WRAPPER=/usr/libexec/gcc/x86_64-redhat-linux/11/lto-wrapper]
  ignore line: [OFFLOAD_TARGET_NAMES=nvptx-none]
  ignore line: [OFFLOAD_TARGET_DEFAULT=1]
  ignore line: [Target: x86_64-redhat-linux]
  ignore line: [Configured with: ../configure --enable-bootstrap --enable-host-pie --enable-host-bind-now --enable-languages=c c++ fortran lto --prefix=/usr --mandir=/usr/share/man --infodir=/usr/share/info --with-bugurl=https://bugs.rockylinux.org/ --enable-shared --enable-threads=posix --enable-checking=release --with-system-zlib --enable-__cxa_atexit --disable-libunwind-exceptions --enable-gnu-unique-object --enable-linker-build-id --with-gcc-major-version-only --enable-plugin --enable-initfini-array --without-isl --enable-multilib --with-linker-hash-style=gnu --enable-offload-targets=nvptx-none --without-cuda-driver --enable-gnu-indirect-function --enable-cet --with-tune=generic --with-arch_64=x86-64-v2 --with-arch_32=x86-64 --build=x86_64-redhat-linux --with-build-config=bootstrap-lto --enable-link-serialization=1]
  ignore line: [Thread model: posix]
  ignore line: [Supported LTO compression algorithms: zlib zstd]
  ignore line: [gcc version 11.4.1 20230605 (Red Hat 11.4.1-2) (GCC) ]
  ignore line: [COMPILER_PATH=/usr/libexec/gcc/x86_64-redhat-linux/11/:/usr/libexec/gcc/x86_64-redhat-linux/11/:/usr/libexec/gcc/x86_64-redhat-linux/:/usr/lib/gcc/x86_64-redhat-linux/11/:/usr/lib/gcc/x86_64-redhat-linux/]
  ignore line: [LIBRARY_PATH=/usr/lib/gcc/x86_64-redhat-linux/11/:/usr/lib/gcc/x86_64-redhat-linux/11/../../../../lib64/:/lib/../lib64/:/usr/lib/../lib64/:/usr/lib/gcc/x86_64-redhat-linux/11/../../../:/lib/:/usr/lib/]
  ignore line: [COLLECT_GCC_OPTIONS='-v' '-o' 'cmTC_3db1c' '-mtune=generic' '-march=x86-64-v2' '-dumpdir' 'cmTC_3db1c.']
  link line: [ /usr/libexec/gcc/x86_64-redhat-linux/11/collect2 -plugin /usr/libexec/gcc/x86_64-redhat-linux/11/liblto_plugin.so -plugin-opt=/usr/libexec/gcc/x86_64-redhat-linux/11/lto-wrapper -plugin-opt=-fresolution=/tmp/ccQwnqqW.res -plugin-opt=-pass-through=-lgcc -plugin-opt=-pass-through=-lgcc_s -plugin-opt=-pass-through=-lc -plugin-opt=-pass-through=-lgcc -plugin-opt=-pass-through=-lgcc_s --build-id --no-add-needed --eh-frame-hdr --hash-style=gnu -m elf_x86_64 -dynamic-linker /lib64/ld-linux-x86-64.so.2 -o cmTC_3db1c /usr/lib/gcc/x86_64-redhat-linux/11/../../../../lib64/crt1.o /usr/lib/gcc/x86_64-redhat-linux/11/../../../../lib64/crti.o /usr/lib/gcc/x86_64-redhat-linux/11/crtbegin.o -L/usr/lib/gcc/x86_64-redhat-linux/11 -L/usr/lib/gcc/x86_64-redhat-linux/11/../../../../lib64 -L/lib/../lib64 -L/usr/lib/../lib64 -L/usr/lib/gcc/x86_64-redhat-linux/11/../../.. CMakeFiles/cmTC_3db1c.dir/CMakeCCompilerABI.c.o -lgcc --push-state --as-needed -lgcc_s --pop-state -lc -lgcc --push-state --as-needed -lgcc_s --pop-state /usr/lib/gcc/x86_64-redhat-linux/11/crtend.o /usr/lib/gcc/x86_64-redhat-linux/11/../../../../lib64/crtn.o]
    arg [/usr/libexec/gcc/x86_64-redhat-linux/11/collect2] ==> ignore
    arg [-plugin] ==> ignore
    arg [/usr/libexec/gcc/x86_64-redhat-linux/11/liblto_plugin.so] ==> ignore
    arg [-plugin-opt=/usr/libexec/gcc/x86_64-redhat-linux/11/lto-wrapper] ==> ignore
    arg [-plugin-opt=-fresolution=/tmp/ccQwnqqW.res] ==> ignore
    arg [-plugin-opt=-pass-through=-lgcc] ==> ignore
    arg [-plugin-opt=-pass-through=-lgcc_s] ==> ignore
    arg [-plugin-opt=-pass-through=-lc] ==> ignore
    arg [-plugin-opt=-pass-through=-lgcc] ==> ignore
    arg [-plugin-opt=-pass-through=-lgcc_s] ==> ignore
    arg [--build-id] ==> ignore
    arg [--no-add-needed] ==> ignore
    arg [--eh-frame-hdr] ==> ignore
    arg [--hash-style=gnu] ==> ignore
    arg [-m] ==> ignore
    arg [elf_x86_64] ==> ignore
    arg [-dynamic-linker] ==> ignore
    arg [/lib64/ld-linux-x86-64.so.2] ==> ignore
    arg [-o] ==> ignore
    arg [cmTC_3db1c] ==> ignore
    arg [/usr/lib/gcc/x86_64-redhat-linux/11/../../../../lib64/crt1.o] ==> obj [/usr/lib/gcc/x86_64-redhat-linux/11/../../../../lib64/crt1.o]
    arg [/usr/lib/gcc/x86_64-redhat-linux/11/../../../../lib64/crti.o] ==> obj [/usr/lib/gcc/x86_64-redhat-linux/11/../../../../lib64/crti.o]
    arg [/usr/lib/gcc/x86_64-redhat-linux/11/crtbegin.o] ==> obj [/usr/lib/gcc/x86_64-redhat-linux/11/crtbegin.o]
    arg [-L/usr/lib/gcc/x86_64-redhat-linux/11] ==> dir [/usr/lib/gcc/x86_64-redhat-linux/11]
    arg [-L/usr/lib/gcc/x86_64-redhat-linux/11/../../../../lib64] ==> dir [/usr/lib/gcc/x86_64-redhat-linux/11/../../../../lib64]
    arg [-L/lib/../lib64] ==> dir [/lib/../lib64]
    arg [-L/usr/lib/../lib64] ==> dir [/usr/lib/../lib64]
    arg [-L/usr/lib/gcc/x86_64-redhat-linux/11/../../..] ==> dir [/usr/lib/gcc/x86_64-redhat-linux/11/../../..]
    arg [CMakeFiles/cmTC_3db1c.dir/CMakeCCompilerABI.c.o] ==> ignore
    arg [-lgcc] ==> lib [gcc]
    arg [--push-state] ==> ignore
    arg [--as-needed] ==> ignore
    arg [-lgcc_s] ==> lib [gcc_s]
    arg [--pop-state] ==> ignore
    arg [-lc] ==> lib [c]
    arg [-lgcc] ==> lib [gcc]
    arg [--push-state] ==> ignore
    arg [--as-needed] ==> ignore
    arg [-lgcc_s] ==> lib [gcc_s]
    arg [--pop-state] ==> ignore
    arg [/usr/lib/gcc/x86_64-redhat-linux/11/crtend.o] ==> obj [/usr/lib/gcc/x86_64-redhat-linux/11/crtend.o]
    arg [/usr/lib/gcc/x86_64-redhat-linux/11/../../../../lib64/crtn.o] ==> obj [/usr/lib/gcc/x86_64-redhat-linux/11/../../../../lib64/crtn.o]
  collapse obj [/usr/lib/gcc/x86_64-redhat-linux/11/../../../../lib64/crt1.o] ==> [/usr/lib64/crt1.o]
  collapse obj [/usr/lib/gcc/x86_64-redhat-linux/11/../../../../lib64/crti.o] ==> [/usr/lib64/crti.o]
  collapse obj [/usr/lib/gcc/x86_64-redhat-linux/11/../../../../lib64/crtn.o] ==> [/usr/lib64/crtn.o]
  collapse library dir [/usr/lib/gcc/x86_64-redhat-linux/11] ==> [/usr/lib/gcc/x86_64-redhat-linux/11]
  collapse library dir [/usr/lib/gcc/x86_64-redhat-linux/11/../../../../lib64] ==> [/usr/lib64]
  collapse library dir [/lib/../lib64] ==> [/lib64]
  collapse library dir [/usr/lib/../lib64] ==> [/usr/lib64]
  collapse library dir [/usr/lib/gcc/x86_64-redhat-linux/11/../../..] ==> [/usr/lib]
  implicit libs: [gcc;gcc_s;c;gcc;gcc_s]
  implicit objs: [/usr/lib64/crt1.o;/usr/lib64/crti.o;/usr/lib/gcc/x86_64-redhat-linux/11/crtbegin.o;/usr/lib/gcc/x86_64-redhat-linux/11/crtend.o;/usr/lib64/crtn.o]
  implicit dirs: [/usr/lib/gcc/x86_64-redhat-linux/11;/usr/lib64;/lib64;/usr/lib]
  implicit fwks: []


Determining if the include file pthread.h exists passed with the following output:
Change Dir: /home/ole/Projects/space/glfw-3.4/CMakeFiles/CMakeTmp

Run Build Command(s):/usr/bin/gmake -f Makefile cmTC_60ffd/fast && /usr/bin/gmake  -f CMakeFiles/cmTC_60ffd.dir/build.make CMakeFiles/cmTC_60ffd.dir/build
gmake[1]: Entering directory '/home/ole/Projects/space/glfw-3.4/CMakeFiles/CMakeTmp'
Building C object CMakeFiles/cmTC_60ffd.dir/CheckIncludeFile.c.o
/usr/bin/cc    -o CMakeFiles/cmTC_60ffd.dir/CheckIncludeFile.c.o -c /home/ole/Projects/space/glfw-3.4/CMakeFiles/CMakeTmp/CheckIncludeFile.c
Linking C executable cmTC_60ffd
/usr/bin/cmake -E cmake_link_script CMakeFiles/cmTC_60ffd.dir/link.txt --verbose=1
/usr/bin/cc CMakeFiles/cmTC_60ffd.dir/CheckIncludeFile.c.o -o cmTC_60ffd 
gmake[1]: Leaving directory '/home/ole/Projects/space/glfw-3.4/CMakeFiles/CMakeTmp'



Performing C SOURCE FILE Test CMAKE_HAVE_LIBC_PTHREAD succeeded with the following output:
Change Dir: /home/ole/Projects/space/glfw-3.4/CMakeFiles/CMakeTmp

Run Build Command(s):/usr/bin/gmake -f Makefile cmTC_958bb/fast && /usr/bin/gmake  -f CMakeFiles/cmTC_958bb.dir/build.make CMakeFiles/cmTC_958bb.dir/build
gmake[1]: Entering directory '/home/ole/Projects/space/glfw-3.4/CMakeFiles/CMakeTmp'
Building C object CMakeFiles/cmTC_958bb.dir/src.c.o
/usr/bin/cc -DCMAKE_HAVE_LIBC_PTHREAD   -o CMakeFiles/cmTC_958bb.dir/src.c.o -c /home/ole/Projects/space/glfw-3.4/CMakeFiles/CMakeTmp/src.c
Linking C executable cmTC_958bb
/usr/bin/cmake -E cmake_link_script CMakeFiles/cmTC_958bb.dir/link.txt --verbose=1
/usr/bin/cc CMakeFiles/cmTC_958bb.dir/src.c.o -o cmTC_958bb 
gmake[1]: Leaving directory '/home/ole/Projects/space/glfw-3.4/CMakeFiles/CMakeTmp'


Source file was:
#include <pthread.h>

static void* test_func(void* data)
{
  return data;
}

int main(void)
{
  pthread_t thread;
  pthread_create(&thread, NULL, test_func, NULL);
  pthread_detach(thread);
  pthread_cancel(thread);
  pthread_join(thread, NULL);
  pthread_atfork(NULL, NULL, NULL);
  pthread_exit(NULL);

  return 0;
}

Determining if the function memfd_create exists passed with the following output:
Change Dir: /home/ole/Projects/space/glfw-3.4/CMakeFiles/CMakeTmp

Run Build Command(s):/usr/bin/gmake -f Makefile cmTC_2072a/fast && /usr/bin/gmake  -f CMakeFiles/cmTC_2072a.dir/build.make CMakeFiles/cmTC_2072a.dir/build
gmake[1]: Entering directory '/home/ole/Projects/space/glfw-3.4/CMakeFiles/CMakeTmp'
Building C object CMakeFiles/cmTC_2072a.dir/CheckFunctionExists.c.o
/usr/bin/cc   -DCHECK_FUNCTION_EXISTS=memfd_create -o CMakeFiles/cmTC_2072a.dir/CheckFunctionExists.c.o -c /usr/share/cmake/Modules/CheckFunctionExists.c
Linking C executable cmTC_2072a
/usr/bin/cmake -E cmake_link_script CMakeFiles/cmTC_2072a.dir/link.txt --verbose=1
/usr/bin/cc  -DCHECK_FUNCTION_EXISTS=memfd_create CMakeFiles/cmTC_2072a.dir/CheckFunctionExists.c.o -o cmTC_2072a 
gmake[1]: Leaving directory '/home/ole/Projects/space/glfw-3.4/CMakeFiles/CMakeTmp'



Determining if the function XOpenDisplay exists in the /usr/lib64/libX11.so;/usr/lib64/libXext.so passed with the following output:
Change Dir: /home/ole/Projects/space/glfw-3.4/CMakeFiles/CMakeTmp

Run Build Command(s):/usr/bin/gmake -f Makefile cmTC_4adcb/fast && /usr/bin/gmake  -f CMakeFiles/cmTC_4adcb.dir/build.make CMakeFiles/cmTC_4adcb.dir/build
gmake[1]: Entering directory '/home/ole/Projects/space/glfw-3.4/CMakeFiles/CMakeTmp'
Building C object CMakeFiles/cmTC_4adcb.dir/CheckFunctionExists.c.o
/usr/bin/cc   -DCHECK_FUNCTION_EXISTS=XOpenDisplay -o CMakeFiles/cmTC_4adcb.dir/CheckFunctionExists.c.o -c /usr/share/cmake/Modules/CheckFunctionExists.c
Linking C executable cmTC_4adcb
/usr/bin/cmake -E cmake_link_script CMakeFiles/cmTC_4adcb.dir/link.txt --verbose=1
/usr/bin/cc  -DCHECK_FUNCTION_EXISTS=XOpenDisplay CMakeFiles/cmTC_4adcb.dir/CheckFunctionExists.c.o -o cmTC_4adcb  /usr/lib64/libX11.so /usr/lib64/libXext.so 
gmake[1]: Leaving directory '/home/ole/Projects/space/glfw-3.4/CMakeFiles/CMakeTmp'



Determining if the function gethostbyname exists passed with the following output:
Change Dir: /home/ole/Projects/space/glfw-3.4/CMakeFiles/CMakeTmp

Run Build Command(s):/usr/bin/gmake -f Makefile cmTC_4deb5/fast && /usr/bin/gmake  -f CMakeFiles/cmTC_4deb5.dir/build.make CMakeFiles/cmTC_4deb5.dir/build
gmake[1]: Entering directory '/home/ole/Projects/space/glfw-3.4/CMakeFiles/CMakeTmp'
Building C object CMakeFiles/cmTC_4deb5.dir/CheckFunctionExists.c.o
/usr/bin/cc   -DCHECK_FUNCTION_EXISTS=gethostbyname -o CMakeFiles/cmTC_4deb5.dir/CheckFunctionExists.c.o -c /usr/share/cmake/Modules/CheckFunctionExists.c
Linking C executable cmTC_4deb5
/usr/bin/cmake -E cmake_link_script CMakeFiles/cmTC_4deb5.dir/link.txt --verbose=1
/usr/bin/cc  -DCHECK_FUNCTION_EXISTS=gethostbyname CMakeFiles/cmTC_4deb5.dir/CheckFunctionExists.c.o -o cmTC_4deb5 
gmake[1]: Leaving directory '/home/ole/Projects/space/glfw-3.4/CMakeFiles/CMakeTmp'



Determining if the function connect exists passed with the following output:
Change Dir: /home/ole/Projects/space/glfw-3.4/CMakeFiles/CMakeTmp

Run Build Command(s):/usr/bin/gmake -f Makefile cmTC_41dc5/fast && /usr/bin/gmake  -f CMakeFiles/cmTC_41dc5.dir/build.make CMakeFiles/cmTC_41dc5.dir/build
gmake[1]: Entering directory '/home/ole/Projects/space/glfw-3.4/CMakeFiles/CMakeTmp'
Building C object CMakeFiles/cmTC_41dc5.dir/CheckFunctionExists.c.o
/usr/bin/cc   -DCHECK_FUNCTION_EXISTS=connect -o CMakeFiles/cmTC_41dc5.dir/CheckFunctionExists.c.o -c /usr/share/cmake/Modules/CheckFunctionExists.c
Linking C executable cmTC_41dc5
/usr/bin/cmake -E cmake_link_script CMakeFiles/cmTC_41dc5.dir/link.txt --verbose=1
/usr/bin/cc  -DCHECK_FUNCTION_EXISTS=connect CMakeFiles/cmTC_41dc5.dir/CheckFunctionExists.c.o -o cmTC_41dc5 
gmake[1]: Leaving directory '/home/ole/Projects/space/glfw-3.4/CMakeFiles/CMakeTmp'



Determining if the function remove exists passed with the following output:
Change Dir: /home/ole/Projects/space/glfw-3.4/CMakeFiles/CMakeTmp

Run Build Command(s):/usr/bin/gmake -f Makefile cmTC_101e1/fast && /usr/bin/gmake  -f CMakeFiles/cmTC_101e1.dir/build.make CMakeFiles/cmTC_101e1.dir/build
gmake[1]: Entering directory '/home/ole/Projects/space/glfw-3.4/CMakeFiles/CMakeTmp'
Building C object CMakeFiles/cmTC_101e1.dir/CheckFunctionExists.c.o
/usr/bin/cc   -DCHECK_FUNCTION_EXISTS=remove -o CMakeFiles/cmTC_101e1.dir/CheckFunctionExists.c.o -c /usr/share/cmake/Modules/CheckFunctionExists.c
Linking C executable cmTC_101e1
/usr/bin/cmake -E cmake_link_script CMakeFiles/cmTC_101e1.dir/link.txt --verbose=1
/usr/bin/cc  -DCHECK_FUNCTION_EXISTS=remove CMakeFiles/cmTC_101e1.dir/CheckFunctionExists.c.o -o cmTC_101e1 
gmake[1]: Leaving directory '/home/ole/Projects/space/glfw-3.4/CMakeFiles/CMakeTmp'



Determining if the function shmat exists passed with the following output:
Change Dir: /home/ole/Projects/space/glfw-3.4/CMakeFiles/CMakeTmp

Run Build Command(s):/usr/bin/gmake -f Makefile cmTC_42d5f/fast && /usr/bin/gmake  -f CMakeFiles/cmTC_42d5f.dir/build.make CMakeFiles/cmTC_42d5f.dir/build
gmake[1]: Entering directory '/home/ole/Projects/space/glfw-3.4/CMakeFiles/CMakeTmp'
Building C object CMakeFiles/cmTC_42d5f.dir/CheckFunctionExists.c.o
/usr/bin/cc   -DCHECK_FUNCTION_EXISTS=shmat -o CMakeFiles/cmTC_42d5f.dir/CheckFunctionExists.c.o -c /usr/share/cmake/Modules/CheckFunctionExists.c
Linking C executable cmTC_42d5f
/usr/bin/cmake -E cmake_link_script CMakeFiles/cmTC_42d5f.dir/link.txt --verbose=1
/usr/bin/cc  -DCHECK_FUNCTION_EXISTS=shmat CMakeFiles/cmTC_42d5f.dir/CheckFunctionExists.c.o -o cmTC_42d5f 
gmake[1]: Leaving directory '/home/ole/Projects/space/glfw-3.4/CMakeFiles/CMakeTmp'



